<?xml version="1.0" encoding="UTF-8"?>
<!-- Generated by org.testng.reporters.JUnitReportReporter -->
<testsuite hostname="LAPTOP-SO1B2N6L" failures="0" tests="1" name="Basic.OrganizationsTest" time="5.340" errors="0" timestamp="2024-03-15T12:52:00 IST" skipped="0">
  <testcase classname="Basic.OrganizationsTest" name="CreateOrganizationsTest" time="5.340"/>
  <system-out/>
</testsuite> <!-- Basic.OrganizationsTest -->
